d:\geometry assignmets\geometry assignments\geometry assignments\debug\vc142.pdb
d:\geometry assignmets\geometry assignments\geometry assignments\debug\vc142.idb
d:\geometry assignmets\geometry assignments\geometry assignments\debug\4.obj
d:\geometry assignmets\geometry assignments\geometry assignments\debug\3.obj
d:\geometry assignmets\geometry assignments\geometry assignments\debug\2.obj
d:\geometry assignmets\geometry assignments\geometry assignments\debug\1.obj
d:\geometry assignmets\geometry assignments\geometry assignments\debug\6.obj
d:\geometry assignmets\geometry assignments\geometry assignments\debug\rough.obj
d:\geometry assignmets\geometry assignments\geometry assignments\debug\8.obj
d:\geometry assignmets\geometry assignments\geometry assignments\debug\7.obj
d:\geometry assignmets\geometry assignments\geometry assignments\debug\5.obj
d:\geometry assignmets\geometry assignments\geometry assignments\debug\opengl.obj
d:\geometry assignmets\geometry assignments\geometry assignments\debug\9.obj
d:\geometry assignmets\geometry assignments\debug\geometry assignments.pdb
d:\geometry assignmets\geometry assignments\geometry assignments\debug\geometry.6ebff2e8.tlog\cl.command.1.tlog
d:\geometry assignmets\geometry assignments\geometry assignments\debug\geometry.6ebff2e8.tlog\cl.read.1.tlog
d:\geometry assignmets\geometry assignments\geometry assignments\debug\geometry.6ebff2e8.tlog\cl.write.1.tlog
d:\geometry assignmets\geometry assignments\geometry assignments\debug\geometry.6ebff2e8.tlog\link-cvtres.read.1.tlog
d:\geometry assignmets\geometry assignments\geometry assignments\debug\geometry.6ebff2e8.tlog\link-cvtres.write.1.tlog
d:\geometry assignmets\geometry assignments\geometry assignments\debug\geometry.6ebff2e8.tlog\link-rc.read.1.tlog
d:\geometry assignmets\geometry assignments\geometry assignments\debug\geometry.6ebff2e8.tlog\link-rc.write.1.tlog
d:\geometry assignmets\geometry assignments\geometry assignments\debug\geometry.6ebff2e8.tlog\link.20112-cvtres.read.1.tlog
d:\geometry assignmets\geometry assignments\geometry assignments\debug\geometry.6ebff2e8.tlog\link.20112-cvtres.write.1.tlog
d:\geometry assignmets\geometry assignments\geometry assignments\debug\geometry.6ebff2e8.tlog\link.20112-rc.read.1.tlog
d:\geometry assignmets\geometry assignments\geometry assignments\debug\geometry.6ebff2e8.tlog\link.20112-rc.write.1.tlog
d:\geometry assignmets\geometry assignments\geometry assignments\debug\geometry.6ebff2e8.tlog\link.20112.read.1.tlog
d:\geometry assignmets\geometry assignments\geometry assignments\debug\geometry.6ebff2e8.tlog\link.20112.write.1.tlog
d:\geometry assignmets\geometry assignments\geometry assignments\debug\geometry.6ebff2e8.tlog\link.command.1.tlog
d:\geometry assignmets\geometry assignments\geometry assignments\debug\geometry.6ebff2e8.tlog\link.read.1.tlog
d:\geometry assignmets\geometry assignments\geometry assignments\debug\geometry.6ebff2e8.tlog\link.write.1.tlog
